Arguments: 
  /opt/homebrew/Cellar/node/16.10.0_1/bin/node /opt/homebrew/bin/yarn add @rollup/plugin-node-resolve @rollup/plugin-commonjs

PATH: 
  /usr/local/go/bin:/opt/homebrew/bin:/usr/sbin:/sbin:/Users/vklmn/bin:/Users/vklmn/bin:/usr/local/bin:/usr/bin:/bin:/usr/sbin:/sbin:/usr/local/go/bin:/Users/vklmn/dev2/js-proto/node_modules/.bin:/opt/homebrew/bin:/Users/vklmn/bin:/Users/vklmn/bin/local:/usr/local/sbin:/Users/vklmn/bin/local:/sbin:/usr/sbin:/usr/local/sbin

Yarn version: 
  1.22.10

Node version: 
  16.10.0

Platform: 
  darwin arm64

Trace: 
  Error: https://registry.yarnpkg.com/@jitsu%2fjitsu-types: Not found
      at Request.params.callback [as _callback] (/opt/homebrew/lib/node_modules/yarn/lib/cli.js:66988:18)
      at Request.self.callback (/opt/homebrew/lib/node_modules/yarn/lib/cli.js:140662:22)
      at Request.emit (node:events:390:28)
      at Request.<anonymous> (/opt/homebrew/lib/node_modules/yarn/lib/cli.js:141634:10)
      at Request.emit (node:events:390:28)
      at IncomingMessage.<anonymous> (/opt/homebrew/lib/node_modules/yarn/lib/cli.js:141556:12)
      at Object.onceWrapper (node:events:509:28)
      at IncomingMessage.emit (node:events:402:35)
      at endReadableNT (node:internal/streams/readable:1343:12)
      at processTicksAndRejections (node:internal/process/task_queues:83:21)

npm manifest: 
  {
    "name": "@jitsu/jitsu-cli",
    "private": true,
    "bin": {
      "jitsu": "./build/jitsu.js"
    },
    "scripts": {
      "build": "tsc -p .",
      "start": "ts-node src/index.ts"
    },
    "devDependencies": {
      "lerna": "^4.0.0",
      "ts-node": "^10.4.0"
    },
    "dependencies": {
      "@jitsu/jitsu-types": "^0.0.0",
      "@rollup/plugin-multi-entry": "^4.1.0",
      "@types/prismjs": "^1.16.6",
      "chalk": "^4.1.2",
      "commander": "^8.3.0",
      "ora": "^6.0.1",
      "prismjs": "^1.25.0",
      "rollup": "^2.60.0",
      "terminal-link": "^3.0.0",
      "tslib": "^2.3.1"
    }
  }

yarn manifest: 
  No manifest

Lockfile: 
  No lockfile
